{"/Users/czy/Documents/J-Boss-git/ts-jest-webpack-es6-babel-template/src/add/index.ts": {"path":"/Users/czy/Documents/J-Boss-git/ts-jest-webpack-es6-babel-template/src/add/index.ts","statementMap":{"0":{"start":{"line":1,"column":0},"end":{"line":1,"column":13}},"1":{"start":{"line":7,"column":22},"end":{"line":7,"column":31}},"2":{"start":{"line":7,"column":41},"end":{"line":7,"column":50}},"3":{"start":{"line":14,"column":2},"end":{"line":34,"column":null}},"4":{"start":{"line":15,"column":14},"end":{"line":15,"column":20}},"5":{"start":{"line":16,"column":14},"end":{"line":16,"column":20}},"6":{"start":{"line":17,"column":4},"end":{"line":17,"column":null}},"7":{"start":{"line":19,"column":4},"end":{"line":23,"column":null}},"8":{"start":{"line":20,"column":6},"end":{"line":20,"column":null}},"9":{"start":{"line":21,"column":11},"end":{"line":23,"column":null}},"10":{"start":{"line":22,"column":6},"end":{"line":22,"column":null}},"11":{"start":{"line":24,"column":4},"end":{"line":33,"column":null}},"12":{"start":{"line":25,"column":6},"end":{"line":25,"column":null}},"13":{"start":{"line":26,"column":6},"end":{"line":26,"column":null}},"14":{"start":{"line":28,"column":9},"end":{"line":33,"column":null}},"15":{"start":{"line":29,"column":6},"end":{"line":29,"column":null}},"16":{"start":{"line":32,"column":6},"end":{"line":32,"column":null}},"17":{"start":{"line":35,"column":0},"end":{"line":35,"column":null}},"18":{"start":{"line":1,"column":13},"end":{"line":1,"column":16}}},"fnMap":{"0":{"name":"(anonymous_0)","decl":{"start":{"line":1,"column":0},"end":{"line":1,"column":13}},"loc":{"start":{"line":1,"column":0},"end":{"line":35,"column":null}}},"1":{"name":"Add","decl":{"start":{"line":7,"column":2},"end":{"line":7,"column":22}},"loc":{"start":{"line":7,"column":50},"end":{"line":8,"column":3}}},"2":{"name":"(anonymous_2)","decl":{"start":{"line":14,"column":2},"end":{"line":14,"column":8}},"loc":{"start":{"line":14,"column":2},"end":{"line":34,"column":3}}}},"branchMap":{"0":{"loc":{"start":{"line":19,"column":4},"end":{"line":23,"column":null}},"type":"if","locations":[{"start":{"line":19,"column":4},"end":{"line":23,"column":null}},{"start":{"line":19,"column":4},"end":{"line":23,"column":null}}]},"1":{"loc":{"start":{"line":21,"column":11},"end":{"line":23,"column":null}},"type":"if","locations":[{"start":{"line":21,"column":11},"end":{"line":23,"column":null}},{"start":{"line":21,"column":11},"end":{"line":23,"column":null}}]},"2":{"loc":{"start":{"line":21,"column":15},"end":{"line":21,"column":39}},"type":"binary-expr","locations":[{"start":{"line":21,"column":15},"end":{"line":21,"column":39}},{"start":{"line":21,"column":43},"end":{"line":21,"column":64}}]},"3":{"loc":{"start":{"line":24,"column":4},"end":{"line":33,"column":null}},"type":"if","locations":[{"start":{"line":24,"column":4},"end":{"line":33,"column":null}},{"start":{"line":24,"column":4},"end":{"line":33,"column":null}}]},"4":{"loc":{"start":{"line":28,"column":9},"end":{"line":33,"column":null}},"type":"if","locations":[{"start":{"line":28,"column":9},"end":{"line":33,"column":null}},{"start":{"line":28,"column":9},"end":{"line":33,"column":null}}]}},"s":{"0":1,"1":4,"2":4,"3":1,"4":4,"5":4,"6":4,"7":4,"8":1,"9":3,"10":1,"11":4,"12":2,"13":2,"14":2,"15":1,"16":1,"17":1,"18":1},"f":{"0":1,"1":4,"2":4},"b":{"0":[1,3],"1":[1,2],"2":[3,2],"3":[2,2],"4":[1,1]}}
}
