TN:
SF:/Users/czy/Documents/J-Boss-git/ts-jest-webpack-es6-babel-template/src/add/index.ts
FN:1,(anonymous_0)
FN:7,Add
FN:14,(anonymous_2)
FNF:3
FNH:3
FNDA:1,(anonymous_0)
FNDA:4,Add
FNDA:4,(anonymous_2)
DA:1,1
DA:7,4
DA:14,1
DA:15,4
DA:16,4
DA:17,4
DA:19,4
DA:20,1
DA:21,3
DA:22,1
DA:24,4
DA:25,2
DA:26,2
DA:28,2
DA:29,1
DA:32,1
DA:35,1
LF:17
LH:17
BRDA:19,0,0,1
BRDA:19,0,1,3
BRDA:21,1,0,1
BRDA:21,1,1,2
BRDA:21,2,0,3
BRDA:21,2,1,2
BRDA:24,3,0,2
BRDA:24,3,1,2
BRDA:28,4,0,1
BRDA:28,4,1,1
BRF:10
BRH:10
end_of_record
